<?xml version="1.0" encoding="UTF-8"?>
<!-- Generated by org.testng.reporters.JUnitXMLReporter -->
<testsuite ignored="0" hostname="LAPTOP-5TRE3P3T" failures="0" tests="6" name="Surefire test" time="62.53" errors="0" timestamp="2025-05-22T17:10:04 IST">
  <testcase classname="io.cucumber.testng.AbstractTestNGCucumberTests" name="runScenario" time="16.42"/>
  <testcase classname="NewTest" name="f" time="0.0"/>
  <testcase classname="RahulshettyAcademyTest.SubmitOrderTest" name="submitOrder" time="10.141"/>
  <testcase classname="RahulshettyAcademyTest.SubmitOrderTest" name="submitOrder" time="9.474"/>
  <testcase classname="RahulshettyAcademyTest.SubmitOrderTest" name="varifyOrderDisplay" time="2.467"/>
  <testcase classname="RahulshettyAcademyTest.SubmitOrderTest" name="varifyOrderDisplay" time="5.572"/>
</testsuite> <!-- Surefire test -->
