<?xml version="1.0" encoding="UTF-8"?>
<!-- Generated by org.testng.reporters.JUnitXMLReporter -->
<testsuite ignored="0" hostname="LAPTOP-5TRE3P3T" failures="2" tests="3" name="ErrorValidation" time="9.352" errors="0" timestamp="2025-05-19T11:56:49 IST">
  <testcase classname="RahulshettyAcademyTest.ErrorValidation" name="loginErrorValidation" time="1.278">
    <skipped/>
  </testcase> <!-- loginErrorValidation -->
  <testcase classname="RahulshettyAcademyTest.ErrorValidation" name="loginErrorValidation" time="0.197">
    <failure type="java.lang.AssertionError" message="expected [Incorrect email or password.] but found [Incorrect email or password]">
      <![CDATA[java.lang.AssertionError: expected [Incorrect email or password.] but found [Incorrect email or password]
at RahulshettyAcademyTest.ErrorValidation.loginErrorValidation(ErrorValidation.java:34)
at java.base/java.util.ArrayList.forEach(ArrayList.java:1596)
... Removed 31 stack frames]]>
    </failure>
  </testcase> <!-- loginErrorValidation -->
  <testcase classname="RahulshettyAcademyTest.ErrorValidation" name="productErrorValidation" time="0.986">
    <failure type="java.lang.NullPointerException" message="Cannot invoke &amp;quot;org.openqa.selenium.WebElement.getText()&amp;quot; because &amp;quot;prod&amp;quot; is null">
      <![CDATA[java.lang.NullPointerException: Cannot invoke "org.openqa.selenium.WebElement.getText()" because "prod" is null
at PageObjectiveModel.ProductCatalog.getProdByName(ProductCatalog.java:60)
at PageObjectiveModel.ProductCatalog.addProdToCart(ProductCatalog.java:66)
at RahulshettyAcademyTest.ErrorValidation.productErrorValidation(ErrorValidation.java:50)
at java.base/java.util.ArrayList.forEach(ArrayList.java:1596)
... Removed 25 stack frames]]>
    </failure>
  </testcase> <!-- productErrorValidation -->
</testsuite> <!-- ErrorValidation -->
