<?xml version="1.0" encoding="UTF-8"?>
<!-- Generated by org.testng.reporters.JUnitXMLReporter -->
<testsuite ignored="0" hostname="LAPTOP-5TRE3P3T" failures="0" tests="4" name="Test" time="76.449" errors="0" timestamp="2025-05-24T10:20:42 IST">
  <testcase classname="RahulshettyAcademyTest.SubmitOrderTest" name="submitOrder" time="10.482"/>
  <testcase classname="RahulshettyAcademyTest.SubmitOrderTest" name="submitOrder" time="11.871"/>
  <testcase classname="RahulshettyAcademyTest.SubmitOrderTest" name="varifyOrderDisplay" time="4.343"/>
  <testcase classname="RahulshettyAcademyTest.SubmitOrderTest" name="varifyOrderDisplay" time="4.404"/>
</testsuite> <!-- Test -->
