<?xml version="1.0" encoding="UTF-8"?>
<testsuite xmlns:xsi="http://www.w3.org/2001/XMLSchema-instance" xsi:noNamespaceSchemaLocation="https://maven.apache.org/surefire/maven-surefire-plugin/xsd/surefire-test-report.xsd" version="3.0.2" name="TestSuite" time="62.799" tests="6" errors="0" skipped="0" failures="0">
  <properties>
[...]
</properties>
  <testcase name="runScenario[&quot;positive Test of submitting the order&quot;, &quot;Purchase the order from Ecommerces website&quot;](1)" classname="cucumber.TestNgTestRunner" time="16.42">
    <system-out><![CDATA[
@tag @Regression
Scenario Outline: positive Test of submitting the order                     # src/test/java/cucumber/SubmitOrderTest.feature:17
  Given I landed on Ecommerce on page                                       # StepDefinition.StepFDefinitionImp.i_landed_on_Ecommerce_on_page()
  Given login with usernameashokpinninti77@gmail.com ans passwordRahul@#123 # StepDefinition.StepFDefinitionImp.login_with_username_and_password(java.lang.String,java.lang.String)
get product by nameZARA COAT 3
$ 31500
View
Add To Cart
  When I add product ZARA COAT 3 to cart                                    # StepDefinition.StepFDefinitionImp.i_add_product_to_cart(java.lang.String)
  And checkout ZARA COAT 3 and submit the order                             # StepDefinition.StepFDefinitionImp.checkout_and_submit_the_order(java.lang.String)
  Then "THANKYOU FOR THE ORDER." message is displayed on confrmPage         # StepDefinition.StepFDefinitionImp.message_is_displayed_on_confrmPage(java.lang.String)
]]></system-out>
    <system-err><![CDATA[SLF4J(W): No SLF4J providers were found.
SLF4J(W): Defaulting to no-operation (NOP) logger implementation
SLF4J(W): See https://www.slf4j.org/codes.html#noProviders for further details.
SLF4J(W): Class path contains SLF4J bindings targeting slf4j-api versions 1.7.x or earlier.
SLF4J(W): Ignoring binding found at [jar:file:/C:/Users/ashok/.m2/repository/org/apache/logging/log4j/log4j-slf4j-impl/2.24.3/log4j-slf4j-impl-2.24.3.jar!/org/slf4j/impl/StaticLoggerBinder.class]
SLF4J(W): See https://www.slf4j.org/codes.html#ignoredBindings for an explanation.
May 22, 2025 5:09:03 PM org.openqa.selenium.devtools.CdpVersionFinder findNearestMatch
WARNING: Unable to find an exact match for CDP version 136, returning the closest version; found: 134; Please update to a Selenium version that supports CDP version 136
]]></system-err>
  </testcase>
  <testcase name="f" classname="NewTest" time="0.0"/>
  <testcase name="submitOrder[{password=Rahul@#123, email=ashokpinninti77@gmail.com, productName=ZARA COAT 3}](1)" classname="RahulshettyAcademyTest.SubmitOrderTest" time="10.141">
    <system-out><![CDATA[get product by nameZARA COAT 3
$ 31500
View
Add To Cart
]]></system-out>
    <system-err><![CDATA[May 22, 2025 5:09:19 PM org.openqa.selenium.devtools.CdpVersionFinder findNearestMatch
WARNING: Unable to find an exact match for CDP version 136, returning the closest version; found: 134; Please update to a Selenium version that supports CDP version 136
]]></system-err>
  </testcase>
  <testcase name="submitOrder[{password=Siva@#123, email=sivaji88@gmail.com, productName=ADIDAS ORIGINAL}](2)" classname="RahulshettyAcademyTest.SubmitOrderTest" time="9.474">
    <system-out><![CDATA[get product by nameADIDAS ORIGINAL
$ 31500
View
Add To Cart
]]></system-out>
    <system-err><![CDATA[May 22, 2025 5:09:36 PM org.openqa.selenium.devtools.CdpVersionFinder findNearestMatch
WARNING: Unable to find an exact match for CDP version 136, returning the closest version; found: 134; Please update to a Selenium version that supports CDP version 136
]]></system-err>
  </testcase>
  <testcase name="varifyOrderDisplay[{password=Rahul@#123, email=ashokpinninti77@gmail.com, productName=ZARA COAT 3}](1)" classname="RahulshettyAcademyTest.SubmitOrderTest" time="2.467">
    <system-err><![CDATA[May 22, 2025 5:09:50 PM org.openqa.selenium.devtools.CdpVersionFinder findNearestMatch
WARNING: Unable to find an exact match for CDP version 136, returning the closest version; found: 134; Please update to a Selenium version that supports CDP version 136
]]></system-err>
  </testcase>
  <testcase name="varifyOrderDisplay[{password=Siva@#123, email=sivaji88@gmail.com, productName=ADIDAS ORIGINAL}](2)" classname="RahulshettyAcademyTest.SubmitOrderTest" time="5.571">
    <system-err><![CDATA[May 22, 2025 5:09:58 PM org.openqa.selenium.devtools.CdpVersionFinder findNearestMatch
WARNING: Unable to find an exact match for CDP version 136, returning the closest version; found: 134; Please update to a Selenium version that supports CDP version 136
]]></system-err>
  </testcase>
</testsuite>